f:\study\win\textbox\debug\vc142.pdb
f:\study\win\textbox\debug\vc142.idb
f:\study\win\textbox\debug\main.obj
f:\study\win\textbox\debug\naturalnumber.obj
f:\study\win\textbox\debug\win32-calculator.res
f:\study\win\textbox\debug\win32-calculator.tlog\cl.command.1.tlog
f:\study\win\textbox\debug\win32-calculator.tlog\cl.read.1.tlog
f:\study\win\textbox\debug\win32-calculator.tlog\cl.write.1.tlog
f:\study\win\textbox\debug\win32-calculator.tlog\link-cvtres.read.1.tlog
f:\study\win\textbox\debug\win32-calculator.tlog\link-cvtres.write.1.tlog
f:\study\win\textbox\debug\win32-calculator.tlog\link-rc.read.1.tlog
f:\study\win\textbox\debug\win32-calculator.tlog\link-rc.write.1.tlog
f:\study\win\textbox\debug\win32-calculator.tlog\link.8260-cvtres.read.1.tlog
f:\study\win\textbox\debug\win32-calculator.tlog\link.8260-cvtres.write.1.tlog
f:\study\win\textbox\debug\win32-calculator.tlog\link.8260-rc.read.1.tlog
f:\study\win\textbox\debug\win32-calculator.tlog\link.8260-rc.write.1.tlog
f:\study\win\textbox\debug\win32-calculator.tlog\link.8260.read.1.tlog
f:\study\win\textbox\debug\win32-calculator.tlog\link.8260.write.1.tlog
f:\study\win\textbox\debug\win32-calculator.tlog\link.command.1.tlog
f:\study\win\textbox\debug\win32-calculator.tlog\link.read.1.tlog
f:\study\win\textbox\debug\win32-calculator.tlog\link.write.1.tlog
f:\study\win\textbox\debug\win32-calculator.tlog\rc.command.1.tlog
f:\study\win\textbox\debug\win32-calculator.tlog\rc.read.1.tlog
f:\study\win\textbox\debug\win32-calculator.tlog\rc.write.1.tlog
